<?xml version="1.0" encoding="UTF-8"?>
<!-- Generated by org.testng.reporters.JUnitReportReporter -->
<testsuite hostname="LAPTOP-VARHNTM8" failures="0" tests="18" name="test_data.WordExpress" time="139.509" errors="0" timestamp="2022-10-31T10:38:46 IST" skipped="0">
  <testcase classname="test_data.WordExpress" name="wordpress" time="8.677"/>
  <system-out/>
  <testcase classname="test_data.WordExpress" name="wordpress" time="6.463"/>
  <system-out/>
  <testcase classname="test_data.WordExpress" name="wordpress" time="7.701"/>
  <system-out/>
  <testcase classname="test_data.WordExpress" name="wordpress" time="7.925"/>
  <system-out/>
  <testcase classname="test_data.WordExpress" name="wordpress" time="6.455"/>
  <system-out/>
  <testcase classname="test_data.WordExpress" name="wordpress" time="6.580"/>
  <system-out/>
  <testcase classname="test_data.WordExpress" name="wordpress" time="8.317"/>
  <system-out/>
  <testcase classname="test_data.WordExpress" name="wordpress" time="7.339"/>
  <system-out/>
  <testcase classname="test_data.WordExpress" name="wordpress" time="6.840"/>
  <system-out/>
  <testcase classname="test_data.WordExpress" name="wordpress" time="7.650"/>
  <system-out/>
  <testcase classname="test_data.WordExpress" name="wordpress" time="8.919"/>
  <system-out/>
  <testcase classname="test_data.WordExpress" name="wordpress" time="8.132"/>
  <system-out/>
  <testcase classname="test_data.WordExpress" name="wordpress" time="9.865"/>
  <system-out/>
  <testcase classname="test_data.WordExpress" name="wordpress" time="8.915"/>
  <system-out/>
  <testcase classname="test_data.WordExpress" name="wordpress" time="7.272"/>
  <system-out/>
  <testcase classname="test_data.WordExpress" name="wordpress" time="7.299"/>
  <system-out/>
  <testcase classname="test_data.WordExpress" name="wordpress" time="7.503"/>
  <system-out/>
  <testcase classname="test_data.WordExpress" name="wordpress" time="7.657"/>
  <system-out/>
</testsuite> <!-- test_data.WordExpress -->
