<?xml version="1.0" encoding="UTF-8"?>
<!-- Generated by org.testng.reporters.JUnitReportReporter -->
<testsuite hostname="LAPTOP-VARHNTM8" failures="0" tests="3" name="crossBrowser.browser" time="60.311" errors="0" timestamp="2022-11-11T14:58:07 IST" skipped="0">
  <testcase classname="crossBrowser.browser" name="setup" time="28.891"/>
  <system-out/>
  <testcase classname="crossBrowser.browser" name="setup" time="16.588"/>
  <system-out/>
  <testcase classname="crossBrowser.browser" name="setup" time="14.832"/>
  <system-out/>
</testsuite> <!-- crossBrowser.browser -->
