<?xml version="1.0" encoding="UTF-8"?>
<!-- Generated by org.testng.reporters.JUnitReportReporter -->
<testsuite hostname="LAPTOP-VARHNTM8" failures="0" tests="1" name="aShotapi.excelshetInput" time="0.000" errors="0" timestamp="2022-11-08T10:27:45 IST" skipped="1">
  <testcase classname="aShotapi.excelshetInput" name="wordpress" time="0.000">
    <skipped/>
  </testcase> <!-- wordpress -->
  <system-out/>
</testsuite> <!-- aShotapi.excelshetInput -->
