<?xml version="1.0" encoding="UTF-8"?>
<!-- Generated by org.testng.reporters.JUnitReportReporter -->
<testsuite hostname="LAPTOP-VARHNTM8" failures="0" tests="1" name="aShotapi.demoWebShop" time="7.628" errors="0" timestamp="2022-11-07T17:18:27 IST" skipped="0">
  <testcase classname="aShotapi.demoWebShop" name="main" time="7.628"/>
  <system-out/>
</testsuite> <!-- aShotapi.demoWebShop -->
