<?xml version="1.0" encoding="UTF-8"?>
<!-- Generated by org.testng.reporters.JUnitReportReporter -->
<testsuite hostname="LAPTOP-VARHNTM8" failures="0" tests="8" name="test_data.register_code" time="72.610" errors="0" timestamp="2022-10-31T12:13:29 IST" skipped="0">
  <testcase classname="test_data.register_code" name="wordpress" time="9.196"/>
  <system-out/>
  <testcase classname="test_data.register_code" name="wordpress" time="9.099"/>
  <system-out/>
  <testcase classname="test_data.register_code" name="wordpress" time="8.859"/>
  <system-out/>
  <testcase classname="test_data.register_code" name="wordpress" time="8.830"/>
  <system-out/>
  <testcase classname="test_data.register_code" name="wordpress" time="8.934"/>
  <system-out/>
  <testcase classname="test_data.register_code" name="wordpress" time="9.020"/>
  <system-out/>
  <testcase classname="test_data.register_code" name="wordpress" time="8.963"/>
  <system-out/>
  <testcase classname="test_data.register_code" name="wordpress" time="9.709"/>
  <system-out/>
</testsuite> <!-- test_data.register_code -->
