<?xml version="1.0" encoding="UTF-8"?>
<!-- Generated by org.testng.reporters.JUnitReportReporter -->
<testsuite hostname="LAPTOP-VARHNTM8" failures="0" tests="1" name="library.verifylogin" time="4.671" errors="0" timestamp="2022-10-31T17:48:58 IST" skipped="0">
  <testcase classname="library.verifylogin" name="verifylogin" time="4.671"/>
  <system-out/>
</testsuite> <!-- library.verifylogin -->
