<?xml version="1.0" encoding="UTF-8"?>
<!-- Generated by org.testng.reporters.JUnitReportReporter -->
<testsuite hostname="LAPTOP-VARHNTM8" failures="0" tests="1" name="validateLogInPage.verifyLogIn" time="3.865" errors="0" timestamp="2022-10-31T15:54:06 IST" skipped="0">
  <testcase classname="validateLogInPage.verifyLogIn" name="verify" time="3.865"/>
  <system-out/>
</testsuite> <!-- validateLogInPage.verifyLogIn -->
